# JRE version: OpenJDK Runtime Environment (8.0_202-b03) (build 1.8.0_202-release-1483-b03)
# Java VM: OpenJDK 64-Bit Server VM (25.202-b03 mixed mode windows-amd64 compressed oops)
Heap:
 PSYoungGen      total 159232K, used 67948K [0x00000000e0000000, 0x00000000edf00000, 0x0000000100000000)
  eden space 145920K, 46% used [0x00000000e0000000,0x00000000e425b318,0x00000000e8e80000)
  from space 13312K, 0% used [0x00000000e9b80000,0x00000000e9b80000,0x00000000ea880000)
  to   space 13312K, 0% used [0x00000000e8e80000,0x00000000e8e80000,0x00000000e9b80000)
 ParOldGen       total 102400K, used 16537K [0x00000000a0000000, 0x00000000a6400000, 0x00000000e0000000)
  object space 102400K, 16% used [0x00000000a0000000,0x00000000a10265e0,0x00000000a6400000)
 Metaspace       used 42533K, capacity 43586K, committed 43776K, reserved 1087488K
  class space    used 5759K, capacity 6061K, committed 6144K, reserved 1048576K
GC Heap History (10 events):
Event: 1.498 GC heap before
{Heap before GC invocations=6 (full 1):
 PSYoungGen      total 71680K, used 5088K [0x00000000e0000000, 0x00000000e9a00000, 0x0000000100000000)
  eden space 66560K, 0% used [0x00000000e0000000,0x00000000e0000000,0x00000000e4100000)
  from space 5120K, 99% used [0x00000000e4100000,0x00000000e45f80c8,0x00000000e4600000)
  to   space 12288K, 0% used [0x00000000e8e00000,0x00000000e8e00000,0x00000000e9a00000)
 ParOldGen       total 87552K, used 11492K [0x00000000a0000000, 0x00000000a5580000, 0x00000000e0000000)
  object space 87552K, 13% used [0x00000000a0000000,0x00000000a0b39168,0x00000000a5580000)
 Metaspace       used 20658K, capacity 21162K, committed 21296K, reserved 1067008K
  class space    used 2956K, capacity 3123K, committed 3200K, reserved 1048576K
Event: 1.523 GC heap after
Heap after GC invocations=6 (full 1):
 PSYoungGen      total 71680K, used 0K [0x00000000e0000000, 0x00000000e9a00000, 0x0000000100000000)
  eden space 66560K, 0% used [0x00000000e0000000,0x00000000e0000000,0x00000000e4100000)
  from space 5120K, 0% used [0x00000000e4100000,0x00000000e4100000,0x00000000e4600000)
  to   space 12288K, 0% used [0x00000000e8e00000,0x00000000e8e00000,0x00000000e9a00000)
 ParOldGen       total 68096K, used 11374K [0x00000000a0000000, 0x00000000a4280000, 0x00000000e0000000)
  object space 68096K, 16% used [0x00000000a0000000,0x00000000a0b1b958,0x00000000a4280000)
 Metaspace       used 20658K, capacity 21162K, committed 21296K, reserved 1067008K
  class space    used 2956K, capacity 3123K, committed 3200K, reserved 1048576K
}
Event: 2.035 GC heap before
{Heap before GC invocations=7 (full 1):
 PSYoungGen      total 71680K, used 66560K [0x00000000e0000000, 0x00000000e9a00000, 0x0000000100000000)
  eden space 66560K, 100% used [0x00000000e0000000,0x00000000e4100000,0x00000000e4100000)
  from space 5120K, 0% used [0x00000000e4100000,0x00000000e4100000,0x00000000e4600000)
  to   space 12288K, 0% used [0x00000000e8e00000,0x00000000e8e00000,0x00000000e9a00000)
 ParOldGen       total 68096K, used 11374K [0x00000000a0000000, 0x00000000a4280000, 0x00000000e0000000)
  object space 68096K, 16% used [0x00000000a0000000,0x00000000a0b1b958,0x00000000a4280000)
 Metaspace       used 29028K, capacity 29572K, committed 29824K, reserved 1075200K
  class space    used 3925K, capacity 4102K, committed 4224K, reserved 1048576K
Event: 2.042 GC heap after
Heap after GC invocations=7 (full 1):
 PSYoungGen      total 107008K, used 8147K [0x00000000e0000000, 0x00000000e9600000, 0x0000000100000000)
  eden space 98816K, 0% used [0x00000000e0000000,0x00000000e0000000,0x00000000e6080000)
  from space 8192K, 99% used [0x00000000e8e00000,0x00000000e95f4e80,0x00000000e9600000)
  to   space 11776K, 0% used [0x00000000e7f00000,0x00000000e7f00000,0x00000000e8a80000)
 ParOldGen       total 68096K, used 11382K [0x00000000a0000000, 0x00000000a4280000, 0x00000000e0000000)
  object space 68096K, 16% used [0x00000000a0000000,0x00000000a0b1d958,0x00000000a4280000)
 Metaspace       used 29028K, capacity 29572K, committed 29824K, reserved 1075200K
  class space    used 3925K, capacity 4102K, committed 4224K, reserved 1048576K
}
Event: 2.580 GC heap before
{Heap before GC invocations=8 (full 1):
 PSYoungGen      total 107008K, used 106963K [0x00000000e0000000, 0x00000000e9600000, 0x0000000100000000)
  eden space 98816K, 100% used [0x00000000e0000000,0x00000000e6080000,0x00000000e6080000)
  from space 8192K, 99% used [0x00000000e8e00000,0x00000000e95f4e80,0x00000000e9600000)
  to   space 11776K, 0% used [0x00000000e7f00000,0x00000000e7f00000,0x00000000e8a80000)
 ParOldGen       total 68096K, used 11382K [0x00000000a0000000, 0x00000000a4280000, 0x00000000e0000000)
  object space 68096K, 16% used [0x00000000a0000000,0x00000000a0b1d958,0x00000000a4280000)
 Metaspace       used 33825K, capacity 34628K, committed 34944K, reserved 1079296K
  class space    used 4664K, capacity 4905K, committed 4992K, reserved 1048576K
Event: 2.587 GC heap after
Heap after GC invocations=8 (full 1):
 PSYoungGen      total 141824K, used 10875K [0x00000000e0000000, 0x00000000ea880000, 0x0000000100000000)
  eden space 130048K, 0% used [0x00000000e0000000,0x00000000e0000000,0x00000000e7f00000)
  from space 11776K, 92% used [0x00000000e7f00000,0x00000000e899edc0,0x00000000e8a80000)
  to   space 13312K, 0% used [0x00000000e9b80000,0x00000000e9b80000,0x00000000ea880000)
 ParOldGen       total 68096K, used 11390K [0x00000000a0000000, 0x00000000a4280000, 0x00000000e0000000)
  object space 68096K, 16% used [0x00000000a0000000,0x00000000a0b1f958,0x00000000a4280000)
 Metaspace       used 33825K, capacity 34628K, committed 34944K, reserved 1079296K
  class space    used 4664K, capacity 4905K, committed 4992K, reserved 1048576K
}
Event: 2.778 GC heap before
{Heap before GC invocations=9 (full 1):
 PSYoungGen      total 141824K, used 33285K [0x00000000e0000000, 0x00000000ea880000, 0x0000000100000000)
  eden space 130048K, 17% used [0x00000000e0000000,0x00000000e15e2818,0x00000000e7f00000)
  from space 11776K, 92% used [0x00000000e7f00000,0x00000000e899edc0,0x00000000e8a80000)
  to   space 13312K, 0% used [0x00000000e9b80000,0x00000000e9b80000,0x00000000ea880000)
 ParOldGen       total 68096K, used 11390K [0x00000000a0000000, 0x00000000a4280000, 0x00000000e0000000)
  object space 68096K, 16% used [0x00000000a0000000,0x00000000a0b1f958,0x00000000a4280000)
 Metaspace       used 34535K, capacity 35392K, committed 35496K, reserved 1079296K
  class space    used 4764K, capacity 5031K, committed 5120K, reserved 1048576K
Event: 2.785 GC heap after
Heap after GC invocations=9 (full 1):
 PSYoungGen      total 159232K, used 9258K [0x00000000e0000000, 0x00000000edf00000, 0x0000000100000000)
  eden space 145920K, 0% used [0x00000000e0000000,0x00000000e0000000,0x00000000e8e80000)
  from space 13312K, 69% used [0x00000000e9b80000,0x00000000ea48aaf0,0x00000000ea880000)
  to   space 13312K, 0% used [0x00000000e8e80000,0x00000000e8e80000,0x00000000e9b80000)
 ParOldGen       total 68096K, used 11390K [0x00000000a0000000, 0x00000000a4280000, 0x00000000e0000000)
  object space 68096K, 16% used [0x00000000a0000000,0x00000000a0b1f958,0x00000000a4280000)
 Metaspace       used 34535K, capacity 35392K, committed 35496K, reserved 1079296K
  class space    used 4764K, capacity 5031K, committed 5120K, reserved 1048576K
}
Event: 2.785 GC heap before
{Heap before GC invocations=10 (full 2):
 PSYoungGen      total 159232K, used 9258K [0x00000000e0000000, 0x00000000edf00000, 0x0000000100000000)
  eden space 145920K, 0% used [0x00000000e0000000,0x00000000e0000000,0x00000000e8e80000)
  from space 13312K, 69% used [0x00000000e9b80000,0x00000000ea48aaf0,0x00000000ea880000)
  to   space 13312K, 0% used [0x00000000e8e80000,0x00000000e8e80000,0x00000000e9b80000)
 ParOldGen       total 68096K, used 11390K [0x00000000a0000000, 0x00000000a4280000, 0x00000000e0000000)
  object space 68096K, 16% used [0x00000000a0000000,0x00000000a0b1f958,0x00000000a4280000)
 Metaspace       used 34535K, capacity 35392K, committed 35496K, reserved 1079296K
  class space    used 4764K, capacity 5031K, committed 5120K, reserved 1048576K
Event: 2.835 GC heap after
Heap after GC invocations=10 (full 2):
 PSYoungGen      total 159232K, used 0K [0x00000000e0000000, 0x00000000edf00000, 0x0000000100000000)
  eden space 145920K, 0% used [0x00000000e0000000,0x00000000e0000000,0x00000000e8e80000)
  from space 13312K, 0% used [0x00000000e9b80000,0x00000000e9b80000,0x00000000ea880000)
  to   space 13312K, 0% used [0x00000000e8e80000,0x00000000e8e80000,0x00000000e9b80000)
 ParOldGen       total 102400K, used 16537K [0x00000000a0000000, 0x00000000a6400000, 0x00000000e0000000)
  object space 102400K, 16% used [0x00000000a0000000,0x00000000a10265e0,0x00000000a6400000)
 Metaspace       used 34502K, capacity 35284K, committed 35496K, reserved 1079296K
  class space    used 4754K, capacity 5013K, committed 5120K, reserved 1048576K
}

