# JRE version: OpenJDK Runtime Environment (8.0_202-b03) (build 1.8.0_202-release-1483-b03)
# Java VM: OpenJDK 64-Bit Server VM (25.202-b03 mixed mode windows-amd64 compressed oops)
Heap:
 PSYoungGen      total 171520K, used 149473K [0x00000000e0000000, 0x00000000ee800000, 0x0000000100000000)
  eden space 158208K, 94% used [0x00000000e0000000,0x00000000e91f8468,0x00000000e9a80000)
  from space 13312K, 0% used [0x00000000ea780000,0x00000000ea780000,0x00000000eb480000)
  to   space 13312K, 0% used [0x00000000e9a80000,0x00000000e9a80000,0x00000000ea780000)
 ParOldGen       total 96256K, used 16489K [0x00000000a0000000, 0x00000000a5e00000, 0x00000000e0000000)
  object space 96256K, 17% used [0x00000000a0000000,0x00000000a101a698,0x00000000a5e00000)
 Metaspace       used 48059K, capacity 49504K, committed 49664K, reserved 1091584K
  class space    used 6484K, capacity 6881K, committed 6912K, reserved 1048576K
GC Heap History (10 events):
Event: 1.559 GC heap before
{Heap before GC invocations=6 (full 1):
 PSYoungGen      total 71680K, used 5088K [0x00000000e0000000, 0x00000000e9a00000, 0x0000000100000000)
  eden space 66560K, 0% used [0x00000000e0000000,0x00000000e0000000,0x00000000e4100000)
  from space 5120K, 99% used [0x00000000e4100000,0x00000000e45f80c8,0x00000000e4600000)
  to   space 12288K, 0% used [0x00000000e8e00000,0x00000000e8e00000,0x00000000e9a00000)
 ParOldGen       total 87552K, used 11513K [0x00000000a0000000, 0x00000000a5580000, 0x00000000e0000000)
  object space 87552K, 13% used [0x00000000a0000000,0x00000000a0b3e5a0,0x00000000a5580000)
 Metaspace       used 20649K, capacity 21162K, committed 21296K, reserved 1067008K
  class space    used 2958K, capacity 3123K, committed 3200K, reserved 1048576K
Event: 1.582 GC heap after
Heap after GC invocations=6 (full 1):
 PSYoungGen      total 71680K, used 0K [0x00000000e0000000, 0x00000000e9a00000, 0x0000000100000000)
  eden space 66560K, 0% used [0x00000000e0000000,0x00000000e0000000,0x00000000e4100000)
  from space 5120K, 0% used [0x00000000e4100000,0x00000000e4100000,0x00000000e4600000)
  to   space 12288K, 0% used [0x00000000e8e00000,0x00000000e8e00000,0x00000000e9a00000)
 ParOldGen       total 66048K, used 11342K [0x00000000a0000000, 0x00000000a4080000, 0x00000000e0000000)
  object space 66048K, 17% used [0x00000000a0000000,0x00000000a0b13868,0x00000000a4080000)
 Metaspace       used 20649K, capacity 21162K, committed 21296K, reserved 1067008K
  class space    used 2958K, capacity 3123K, committed 3200K, reserved 1048576K
}
Event: 2.105 GC heap before
{Heap before GC invocations=7 (full 1):
 PSYoungGen      total 71680K, used 66560K [0x00000000e0000000, 0x00000000e9a00000, 0x0000000100000000)
  eden space 66560K, 100% used [0x00000000e0000000,0x00000000e4100000,0x00000000e4100000)
  from space 5120K, 0% used [0x00000000e4100000,0x00000000e4100000,0x00000000e4600000)
  to   space 12288K, 0% used [0x00000000e8e00000,0x00000000e8e00000,0x00000000e9a00000)
 ParOldGen       total 66048K, used 11342K [0x00000000a0000000, 0x00000000a4080000, 0x00000000e0000000)
  object space 66048K, 17% used [0x00000000a0000000,0x00000000a0b13868,0x00000000a4080000)
 Metaspace       used 29048K, capacity 29572K, committed 29824K, reserved 1075200K
  class space    used 3932K, capacity 4102K, committed 4224K, reserved 1048576K
Event: 2.113 GC heap after
Heap after GC invocations=7 (full 1):
 PSYoungGen      total 111104K, used 8124K [0x00000000e0000000, 0x00000000e9600000, 0x0000000100000000)
  eden space 102912K, 0% used [0x00000000e0000000,0x00000000e0000000,0x00000000e6480000)
  from space 8192K, 99% used [0x00000000e8e00000,0x00000000e95ef150,0x00000000e9600000)
  to   space 11776K, 0% used [0x00000000e7f00000,0x00000000e7f00000,0x00000000e8a80000)
 ParOldGen       total 66048K, used 11350K [0x00000000a0000000, 0x00000000a4080000, 0x00000000e0000000)
  object space 66048K, 17% used [0x00000000a0000000,0x00000000a0b15868,0x00000000a4080000)
 Metaspace       used 29048K, capacity 29572K, committed 29824K, reserved 1075200K
  class space    used 3932K, capacity 4102K, committed 4224K, reserved 1048576K
}
Event: 2.774 GC heap before
{Heap before GC invocations=8 (full 1):
 PSYoungGen      total 111104K, used 111036K [0x00000000e0000000, 0x00000000e9600000, 0x0000000100000000)
  eden space 102912K, 100% used [0x00000000e0000000,0x00000000e6480000,0x00000000e6480000)
  from space 8192K, 99% used [0x00000000e8e00000,0x00000000e95ef150,0x00000000e9600000)
  to   space 11776K, 0% used [0x00000000e7f00000,0x00000000e7f00000,0x00000000e8a80000)
 ParOldGen       total 66048K, used 11350K [0x00000000a0000000, 0x00000000a4080000, 0x00000000e0000000)
  object space 66048K, 17% used [0x00000000a0000000,0x00000000a0b15868,0x00000000a4080000)
 Metaspace       used 33990K, capacity 34728K, committed 34944K, reserved 1079296K
  class space    used 4687K, capacity 4921K, committed 4992K, reserved 1048576K
Event: 2.784 GC heap after
Heap after GC invocations=8 (full 1):
 PSYoungGen      total 141824K, used 11489K [0x00000000e0000000, 0x00000000eb480000, 0x0000000100000000)
  eden space 130048K, 0% used [0x00000000e0000000,0x00000000e0000000,0x00000000e7f00000)
  from space 11776K, 97% used [0x00000000e7f00000,0x00000000e8a386f0,0x00000000e8a80000)
  to   space 13312K, 0% used [0x00000000ea780000,0x00000000ea780000,0x00000000eb480000)
 ParOldGen       total 66048K, used 11358K [0x00000000a0000000, 0x00000000a4080000, 0x00000000e0000000)
  object space 66048K, 17% used [0x00000000a0000000,0x00000000a0b17868,0x00000000a4080000)
 Metaspace       used 33990K, capacity 34728K, committed 34944K, reserved 1079296K
  class space    used 4687K, capacity 4921K, committed 4992K, reserved 1048576K
}
Event: 2.944 GC heap before
{Heap before GC invocations=9 (full 1):
 PSYoungGen      total 141824K, used 27889K [0x00000000e0000000, 0x00000000eb480000, 0x0000000100000000)
  eden space 130048K, 12% used [0x00000000e0000000,0x00000000e1003e38,0x00000000e7f00000)
  from space 11776K, 97% used [0x00000000e7f00000,0x00000000e8a386f0,0x00000000e8a80000)
  to   space 13312K, 0% used [0x00000000ea780000,0x00000000ea780000,0x00000000eb480000)
 ParOldGen       total 66048K, used 11358K [0x00000000a0000000, 0x00000000a4080000, 0x00000000e0000000)
  object space 66048K, 17% used [0x00000000a0000000,0x00000000a0b17868,0x00000000a4080000)
 Metaspace       used 34470K, capacity 35334K, committed 35496K, reserved 1079296K
  class space    used 4753K, capacity 4994K, committed 5120K, reserved 1048576K
Event: 2.952 GC heap after
Heap after GC invocations=9 (full 1):
 PSYoungGen      total 171520K, used 9194K [0x00000000e0000000, 0x00000000ee800000, 0x0000000100000000)
  eden space 158208K, 0% used [0x00000000e0000000,0x00000000e0000000,0x00000000e9a80000)
  from space 13312K, 69% used [0x00000000ea780000,0x00000000eb07aaf0,0x00000000eb480000)
  to   space 13312K, 0% used [0x00000000e9a80000,0x00000000e9a80000,0x00000000ea780000)
 ParOldGen       total 66048K, used 11358K [0x00000000a0000000, 0x00000000a4080000, 0x00000000e0000000)
  object space 66048K, 17% used [0x00000000a0000000,0x00000000a0b17868,0x00000000a4080000)
 Metaspace       used 34470K, capacity 35334K, committed 35496K, reserved 1079296K
  class space    used 4753K, capacity 4994K, committed 5120K, reserved 1048576K
}
Event: 2.952 GC heap before
{Heap before GC invocations=10 (full 2):
 PSYoungGen      total 171520K, used 9194K [0x00000000e0000000, 0x00000000ee800000, 0x0000000100000000)
  eden space 158208K, 0% used [0x00000000e0000000,0x00000000e0000000,0x00000000e9a80000)
  from space 13312K, 69% used [0x00000000ea780000,0x00000000eb07aaf0,0x00000000eb480000)
  to   space 13312K, 0% used [0x00000000e9a80000,0x00000000e9a80000,0x00000000ea780000)
 ParOldGen       total 66048K, used 11358K [0x00000000a0000000, 0x00000000a4080000, 0x00000000e0000000)
  object space 66048K, 17% used [0x00000000a0000000,0x00000000a0b17868,0x00000000a4080000)
 Metaspace       used 34470K, capacity 35334K, committed 35496K, reserved 1079296K
  class space    used 4753K, capacity 4994K, committed 5120K, reserved 1048576K
Event: 3.007 GC heap after
Heap after GC invocations=10 (full 2):
 PSYoungGen      total 171520K, used 0K [0x00000000e0000000, 0x00000000ee800000, 0x0000000100000000)
  eden space 158208K, 0% used [0x00000000e0000000,0x00000000e0000000,0x00000000e9a80000)
  from space 13312K, 0% used [0x00000000ea780000,0x00000000ea780000,0x00000000eb480000)
  to   space 13312K, 0% used [0x00000000e9a80000,0x00000000e9a80000,0x00000000ea780000)
 ParOldGen       total 96256K, used 16489K [0x00000000a0000000, 0x00000000a5e00000, 0x00000000e0000000)
  object space 96256K, 17% used [0x00000000a0000000,0x00000000a101a698,0x00000000a5e00000)
 Metaspace       used 34447K, capacity 35256K, committed 35496K, reserved 1079296K
  class space    used 4746K, capacity 4981K, committed 5120K, reserved 1048576K
}

