# JRE version: OpenJDK Runtime Environment (8.0_202-b03) (build 1.8.0_202-release-1483-b03)
# Java VM: OpenJDK 64-Bit Server VM (25.202-b03 mixed mode windows-amd64 compressed oops)
Heap:
 PSYoungGen      total 240128K, used 66880K [0x00000000e0000000, 0x00000000f3a00000, 0x0000000100000000)
  eden space 187904K, 35% used [0x00000000e0000000,0x00000000e41501b0,0x00000000eb780000)
  from space 52224K, 0% used [0x00000000eb780000,0x00000000eb780000,0x00000000eea80000)
  to   space 35840K, 0% used [0x00000000eea80000,0x00000000eea80000,0x00000000f0d80000)
 ParOldGen       total 148480K, used 56595K [0x00000000a0000000, 0x00000000a9100000, 0x00000000e0000000)
  object space 148480K, 38% used [0x00000000a0000000,0x00000000a3744c68,0x00000000a9100000)
 Metaspace       used 71281K, capacity 73441K, committed 75032K, reserved 1114112K
  class space    used 9274K, capacity 9806K, committed 10024K, reserved 1048576K
GC Heap History (10 events):
Event: 17.042 GC heap before
{Heap before GC invocations=19 (full 3):
 PSYoungGen      total 198144K, used 198118K [0x00000000e0000000, 0x00000000f0d80000, 0x0000000100000000)
  eden space 176128K, 100% used [0x00000000e0000000,0x00000000eac00000,0x00000000eac00000)
  from space 22016K, 99% used [0x00000000eac00000,0x00000000ec179a20,0x00000000ec180000)
  to   space 35840K, 0% used [0x00000000eea80000,0x00000000eea80000,0x00000000f0d80000)
 ParOldGen       total 148480K, used 65456K [0x00000000a0000000, 0x00000000a9100000, 0x00000000e0000000)
  object space 148480K, 44% used [0x00000000a0000000,0x00000000a3fec228,0x00000000a9100000)
 Metaspace       used 70108K, capacity 72767K, committed 72856K, reserved 1112064K
  class space    used 9275K, capacity 9875K, committed 9896K, reserved 1048576K
Event: 17.096 GC heap after
Heap after GC invocations=19 (full 3):
 PSYoungGen      total 223744K, used 35826K [0x00000000e0000000, 0x00000000f3a00000, 0x0000000100000000)
  eden space 187904K, 0% used [0x00000000e0000000,0x00000000e0000000,0x00000000eb780000)
  from space 35840K, 99% used [0x00000000eea80000,0x00000000f0d7cb38,0x00000000f0d80000)
  to   space 52224K, 0% used [0x00000000eb780000,0x00000000eb780000,0x00000000eea80000)
 ParOldGen       total 148480K, used 94062K [0x00000000a0000000, 0x00000000a9100000, 0x00000000e0000000)
  object space 148480K, 63% used [0x00000000a0000000,0x00000000a5bdb9a8,0x00000000a9100000)
 Metaspace       used 70108K, capacity 72767K, committed 72856K, reserved 1112064K
  class space    used 9275K, capacity 9875K, committed 9896K, reserved 1048576K
}
Event: 17.784 GC heap before
{Heap before GC invocations=20 (full 3):
 PSYoungGen      total 223744K, used 223730K [0x00000000e0000000, 0x00000000f3a00000, 0x0000000100000000)
  eden space 187904K, 100% used [0x00000000e0000000,0x00000000eb780000,0x00000000eb780000)
  from space 35840K, 99% used [0x00000000eea80000,0x00000000f0d7cb38,0x00000000f0d80000)
  to   space 52224K, 0% used [0x00000000eb780000,0x00000000eb780000,0x00000000eea80000)
 ParOldGen       total 148480K, used 94062K [0x00000000a0000000, 0x00000000a9100000, 0x00000000e0000000)
  object space 148480K, 63% used [0x00000000a0000000,0x00000000a5bdb9a8,0x00000000a9100000)
 Metaspace       used 70758K, capacity 73375K, committed 73496K, reserved 1112064K
  class space    used 9362K, capacity 9971K, committed 10024K, reserved 1048576K
Event: 17.843 GC heap after
Heap after GC invocations=20 (full 3):
 PSYoungGen      total 240128K, used 52208K [0x00000000e0000000, 0x00000000f3a00000, 0x0000000100000000)
  eden space 187904K, 0% used [0x00000000e0000000,0x00000000e0000000,0x00000000eb780000)
  from space 52224K, 99% used [0x00000000eb780000,0x00000000eea7c360,0x00000000eea80000)
  to   space 35840K, 0% used [0x00000000eea80000,0x00000000eea80000,0x00000000f0d80000)
 ParOldGen       total 148480K, used 145494K [0x00000000a0000000, 0x00000000a9100000, 0x00000000e0000000)
  object space 148480K, 97% used [0x00000000a0000000,0x00000000a8e15a78,0x00000000a9100000)
 Metaspace       used 70758K, capacity 73375K, committed 73496K, reserved 1112064K
  class space    used 9362K, capacity 9971K, committed 10024K, reserved 1048576K
}
Event: 17.843 GC heap before
{Heap before GC invocations=21 (full 4):
 PSYoungGen      total 240128K, used 52208K [0x00000000e0000000, 0x00000000f3a00000, 0x0000000100000000)
  eden space 187904K, 0% used [0x00000000e0000000,0x00000000e0000000,0x00000000eb780000)
  from space 52224K, 99% used [0x00000000eb780000,0x00000000eea7c360,0x00000000eea80000)
  to   space 35840K, 0% used [0x00000000eea80000,0x00000000eea80000,0x00000000f0d80000)
 ParOldGen       total 148480K, used 145494K [0x00000000a0000000, 0x00000000a9100000, 0x00000000e0000000)
  object space 148480K, 97% used [0x00000000a0000000,0x00000000a8e15a78,0x00000000a9100000)
 Metaspace       used 70758K, capacity 73375K, committed 73496K, reserved 1112064K
  class space    used 9362K, capacity 9971K, committed 10024K, reserved 1048576K
Event: 18.357 GC heap after
Heap after GC invocations=21 (full 4):
 PSYoungGen      total 240128K, used 28888K [0x00000000e0000000, 0x00000000f3a00000, 0x0000000100000000)
  eden space 187904K, 0% used [0x00000000e0000000,0x00000000e0000000,0x00000000eb780000)
  from space 52224K, 55% used [0x00000000eb780000,0x00000000ed3b6138,0x00000000eea80000)
  to   space 35840K, 0% used [0x00000000eea80000,0x00000000eea80000,0x00000000f0d80000)
 ParOldGen       total 148480K, used 148189K [0x00000000a0000000, 0x00000000a9100000, 0x00000000e0000000)
  object space 148480K, 99% used [0x00000000a0000000,0x00000000a90b7708,0x00000000a9100000)
 Metaspace       used 70525K, capacity 72697K, committed 73496K, reserved 1112064K
  class space    used 9289K, capacity 9844K, committed 10024K, reserved 1048576K
}
Event: 21.806 GC heap before
{Heap before GC invocations=22 (full 5):
 PSYoungGen      total 240128K, used 216792K [0x00000000e0000000, 0x00000000f3a00000, 0x0000000100000000)
  eden space 187904K, 100% used [0x00000000e0000000,0x00000000eb780000,0x00000000eb780000)
  from space 52224K, 55% used [0x00000000eb780000,0x00000000ed3b6138,0x00000000eea80000)
  to   space 35840K, 0% used [0x00000000eea80000,0x00000000eea80000,0x00000000f0d80000)
 ParOldGen       total 148480K, used 148189K [0x00000000a0000000, 0x00000000a9100000, 0x00000000e0000000)
  object space 148480K, 99% used [0x00000000a0000000,0x00000000a90b7708,0x00000000a9100000)
 Metaspace       used 71623K, capacity 73817K, committed 74520K, reserved 1114112K
  class space    used 9316K, capacity 9876K, committed 10024K, reserved 1048576K
Event: 22.395 GC heap after
Heap after GC invocations=22 (full 5):
 PSYoungGen      total 240128K, used 33403K [0x00000000e0000000, 0x00000000f3a00000, 0x0000000100000000)
  eden space 187904K, 17% used [0x00000000e0000000,0x00000000e209ede8,0x00000000eb780000)
  from space 52224K, 0% used [0x00000000eb780000,0x00000000eb780000,0x00000000eea80000)
  to   space 35840K, 0% used [0x00000000eea80000,0x00000000eea80000,0x00000000f0d80000)
 ParOldGen       total 148480K, used 148473K [0x00000000a0000000, 0x00000000a9100000, 0x00000000e0000000)
  object space 148480K, 99% used [0x00000000a0000000,0x00000000a90fe420,0x00000000a9100000)
 Metaspace       used 71623K, capacity 73817K, committed 74520K, reserved 1114112K
  class space    used 9316K, capacity 9876K, committed 10024K, reserved 1048576K
}
Event: 24.062 GC heap before
{Heap before GC invocations=23 (full 6):
 PSYoungGen      total 240128K, used 187904K [0x00000000e0000000, 0x00000000f3a00000, 0x0000000100000000)
  eden space 187904K, 100% used [0x00000000e0000000,0x00000000eb780000,0x00000000eb780000)
  from space 52224K, 0% used [0x00000000eb780000,0x00000000eb780000,0x00000000eea80000)
  to   space 35840K, 0% used [0x00000000eea80000,0x00000000eea80000,0x00000000f0d80000)
 ParOldGen       total 148480K, used 148473K [0x00000000a0000000, 0x00000000a9100000, 0x00000000e0000000)
  object space 148480K, 99% used [0x00000000a0000000,0x00000000a90fe420,0x00000000a9100000)
 Metaspace       used 71992K, capacity 74201K, committed 75032K, reserved 1114112K
  class space    used 9343K, capacity 9876K, committed 10024K, reserved 1048576K
Event: 24.169 GC heap after
Heap after GC invocations=23 (full 6):
 PSYoungGen      total 240128K, used 0K [0x00000000e0000000, 0x00000000f3a00000, 0x0000000100000000)
  eden space 187904K, 0% used [0x00000000e0000000,0x00000000e0000000,0x00000000eb780000)
  from space 52224K, 0% used [0x00000000eb780000,0x00000000eb780000,0x00000000eea80000)
  to   space 35840K, 0% used [0x00000000eea80000,0x00000000eea80000,0x00000000f0d80000)
 ParOldGen       total 148480K, used 56595K [0x00000000a0000000, 0x00000000a9100000, 0x00000000e0000000)
  object space 148480K, 38% used [0x00000000a0000000,0x00000000a3744c68,0x00000000a9100000)
 Metaspace       used 71168K, capacity 73319K, committed 75032K, reserved 1114112K
  class space    used 9264K, capacity 9771K, committed 10024K, reserved 1048576K
}

