# JRE version: OpenJDK Runtime Environment (8.0_202-b03) (build 1.8.0_202-release-1483-b03)
# Java VM: OpenJDK 64-Bit Server VM (25.202-b03 mixed mode windows-amd64 compressed oops)
Heap:
 PSYoungGen      total 200192K, used 65163K [0x00000000e0000000, 0x00000000f0300000, 0x0000000100000000)
  eden space 180736K, 25% used [0x00000000e0000000,0x00000000e2caaca8,0x00000000eb080000)
  from space 19456K, 99% used [0x00000000eb080000,0x00000000ec378050,0x00000000ec380000)
  to   space 23552K, 0% used [0x00000000eec00000,0x00000000eec00000,0x00000000f0300000)
 ParOldGen       total 130560K, used 35487K [0x00000000a0000000, 0x00000000a7f80000, 0x00000000e0000000)
  object space 130560K, 27% used [0x00000000a0000000,0x00000000a22a7e28,0x00000000a7f80000)
 Metaspace       used 62254K, capacity 64728K, committed 64856K, reserved 1105920K
  class space    used 8426K, capacity 8979K, committed 9088K, reserved 1048576K
GC Heap History (10 events):
Event: 5.285 GC heap before
{Heap before GC invocations=12 (full 2):
 PSYoungGen      total 120320K, used 109568K [0x00000000e0000000, 0x00000000eac00000, 0x0000000100000000)
  eden space 109568K, 100% used [0x00000000e0000000,0x00000000e6b00000,0x00000000e6b00000)
  from space 10752K, 0% used [0x00000000e6b00000,0x00000000e6b00000,0x00000000e7580000)
  to   space 12288K, 0% used [0x00000000ea000000,0x00000000ea000000,0x00000000eac00000)
 ParOldGen       total 88576K, used 18663K [0x00000000a0000000, 0x00000000a5680000, 0x00000000e0000000)
  object space 88576K, 21% used [0x00000000a0000000,0x00000000a1239e98,0x00000000a5680000)
 Metaspace       used 45169K, capacity 46332K, committed 46680K, reserved 1089536K
  class space    used 6081K, capacity 6425K, committed 6528K, reserved 1048576K
Event: 5.294 GC heap after
Heap after GC invocations=12 (full 2):
 PSYoungGen      total 154112K, used 12285K [0x00000000e0000000, 0x00000000eac00000, 0x0000000100000000)
  eden space 141824K, 0% used [0x00000000e0000000,0x00000000e0000000,0x00000000e8a80000)
  from space 12288K, 99% used [0x00000000ea000000,0x00000000eabff6c8,0x00000000eac00000)
  to   space 14336K, 0% used [0x00000000e9000000,0x00000000e9000000,0x00000000e9e00000)
 ParOldGen       total 88576K, used 21123K [0x00000000a0000000, 0x00000000a5680000, 0x00000000e0000000)
  object space 88576K, 23% used [0x00000000a0000000,0x00000000a14a0f38,0x00000000a5680000)
 Metaspace       used 45169K, capacity 46332K, committed 46680K, reserved 1089536K
  class space    used 6081K, capacity 6425K, committed 6528K, reserved 1048576K
}
Event: 6.721 GC heap before
{Heap before GC invocations=13 (full 2):
 PSYoungGen      total 154112K, used 154109K [0x00000000e0000000, 0x00000000eac00000, 0x0000000100000000)
  eden space 141824K, 100% used [0x00000000e0000000,0x00000000e8a80000,0x00000000e8a80000)
  from space 12288K, 99% used [0x00000000ea000000,0x00000000eabff6c8,0x00000000eac00000)
  to   space 14336K, 0% used [0x00000000e9000000,0x00000000e9000000,0x00000000e9e00000)
 ParOldGen       total 88576K, used 21123K [0x00000000a0000000, 0x00000000a5680000, 0x00000000e0000000)
  object space 88576K, 23% used [0x00000000a0000000,0x00000000a14a0f38,0x00000000a5680000)
 Metaspace       used 56417K, capacity 57942K, committed 58328K, reserved 1099776K
  class space    used 7679K, capacity 8086K, committed 8192K, reserved 1048576K
Event: 6.734 GC heap after
Heap after GC invocations=13 (full 2):
 PSYoungGen      total 161792K, used 14330K [0x00000000e0000000, 0x00000000ed600000, 0x0000000100000000)
  eden space 147456K, 0% used [0x00000000e0000000,0x00000000e0000000,0x00000000e9000000)
  from space 14336K, 99% used [0x00000000e9000000,0x00000000e9dfea80,0x00000000e9e00000)
  to   space 18944K, 0% used [0x00000000ec380000,0x00000000ec380000,0x00000000ed600000)
 ParOldGen       total 88576K, used 29338K [0x00000000a0000000, 0x00000000a5680000, 0x00000000e0000000)
  object space 88576K, 33% used [0x00000000a0000000,0x00000000a1ca6828,0x00000000a5680000)
 Metaspace       used 56417K, capacity 57942K, committed 58328K, reserved 1099776K
  class space    used 7679K, capacity 8086K, committed 8192K, reserved 1048576K
}
Event: 7.015 GC heap before
{Heap before GC invocations=14 (full 2):
 PSYoungGen      total 161792K, used 36646K [0x00000000e0000000, 0x00000000ed600000, 0x0000000100000000)
  eden space 147456K, 15% used [0x00000000e0000000,0x00000000e15cadd0,0x00000000e9000000)
  from space 14336K, 99% used [0x00000000e9000000,0x00000000e9dfea80,0x00000000e9e00000)
  to   space 18944K, 0% used [0x00000000ec380000,0x00000000ec380000,0x00000000ed600000)
 ParOldGen       total 88576K, used 29338K [0x00000000a0000000, 0x00000000a5680000, 0x00000000e0000000)
  object space 88576K, 33% used [0x00000000a0000000,0x00000000a1ca6828,0x00000000a5680000)
 Metaspace       used 57428K, capacity 58970K, committed 59028K, reserved 1099776K
  class space    used 7775K, capacity 8188K, committed 8192K, reserved 1048576K
Event: 7.021 GC heap after
Heap after GC invocations=14 (full 2):
 PSYoungGen      total 199680K, used 2191K [0x00000000e0000000, 0x00000000ee100000, 0x0000000100000000)
  eden space 180736K, 0% used [0x00000000e0000000,0x00000000e0000000,0x00000000eb080000)
  from space 18944K, 11% used [0x00000000ec380000,0x00000000ec5a3e30,0x00000000ed600000)
  to   space 19456K, 0% used [0x00000000eb080000,0x00000000eb080000,0x00000000ec380000)
 ParOldGen       total 88576K, used 35482K [0x00000000a0000000, 0x00000000a5680000, 0x00000000e0000000)
  object space 88576K, 40% used [0x00000000a0000000,0x00000000a22a6a18,0x00000000a5680000)
 Metaspace       used 57428K, capacity 58970K, committed 59028K, reserved 1099776K
  class space    used 7775K, capacity 8188K, committed 8192K, reserved 1048576K
}
Event: 7.021 GC heap before
{Heap before GC invocations=15 (full 3):
 PSYoungGen      total 199680K, used 2191K [0x00000000e0000000, 0x00000000ee100000, 0x0000000100000000)
  eden space 180736K, 0% used [0x00000000e0000000,0x00000000e0000000,0x00000000eb080000)
  from space 18944K, 11% used [0x00000000ec380000,0x00000000ec5a3e30,0x00000000ed600000)
  to   space 19456K, 0% used [0x00000000eb080000,0x00000000eb080000,0x00000000ec380000)
 ParOldGen       total 88576K, used 35482K [0x00000000a0000000, 0x00000000a5680000, 0x00000000e0000000)
  object space 88576K, 40% used [0x00000000a0000000,0x00000000a22a6a18,0x00000000a5680000)
 Metaspace       used 57428K, capacity 58970K, committed 59028K, reserved 1099776K
  class space    used 7775K, capacity 8188K, committed 8192K, reserved 1048576K
Event: 7.156 GC heap after
Heap after GC invocations=15 (full 3):
 PSYoungGen      total 199680K, used 0K [0x00000000e0000000, 0x00000000ee100000, 0x0000000100000000)
  eden space 180736K, 0% used [0x00000000e0000000,0x00000000e0000000,0x00000000eb080000)
  from space 18944K, 0% used [0x00000000ec380000,0x00000000ec380000,0x00000000ed600000)
  to   space 19456K, 0% used [0x00000000eb080000,0x00000000eb080000,0x00000000ec380000)
 ParOldGen       total 130560K, used 31379K [0x00000000a0000000, 0x00000000a7f80000, 0x00000000e0000000)
  object space 130560K, 24% used [0x00000000a0000000,0x00000000a1ea4e28,0x00000000a7f80000)
 Metaspace       used 57428K, capacity 58970K, committed 59028K, reserved 1099776K
  class space    used 7775K, capacity 8188K, committed 8192K, reserved 1048576K
}
Event: 8.624 GC heap before
{Heap before GC invocations=16 (full 3):
 PSYoungGen      total 199680K, used 180736K [0x00000000e0000000, 0x00000000ee100000, 0x0000000100000000)
  eden space 180736K, 100% used [0x00000000e0000000,0x00000000eb080000,0x00000000eb080000)
  from space 18944K, 0% used [0x00000000ec380000,0x00000000ec380000,0x00000000ed600000)
  to   space 19456K, 0% used [0x00000000eb080000,0x00000000eb080000,0x00000000ec380000)
 ParOldGen       total 130560K, used 31379K [0x00000000a0000000, 0x00000000a7f80000, 0x00000000e0000000)
  object space 130560K, 24% used [0x00000000a0000000,0x00000000a1ea4e28,0x00000000a7f80000)
 Metaspace       used 61579K, capacity 63916K, committed 64216K, reserved 1103872K
  class space    used 8354K, capacity 8873K, committed 8960K, reserved 1048576K
Event: 8.640 GC heap after
Heap after GC invocations=16 (full 3):
 PSYoungGen      total 200192K, used 19424K [0x00000000e0000000, 0x00000000f0300000, 0x0000000100000000)
  eden space 180736K, 0% used [0x00000000e0000000,0x00000000e0000000,0x00000000eb080000)
  from space 19456K, 99% used [0x00000000eb080000,0x00000000ec378050,0x00000000ec380000)
  to   space 23552K, 0% used [0x00000000eec00000,0x00000000eec00000,0x00000000f0300000)
 ParOldGen       total 130560K, used 35487K [0x00000000a0000000, 0x00000000a7f80000, 0x00000000e0000000)
  object space 130560K, 27% used [0x00000000a0000000,0x00000000a22a7e28,0x00000000a7f80000)
 Metaspace       used 61579K, capacity 63916K, committed 64216K, reserved 1103872K
  class space    used 8354K, capacity 8873K, committed 8960K, reserved 1048576K
}

