# JRE version: OpenJDK Runtime Environment (8.0_202-b03) (build 1.8.0_202-release-1483-b03)
# Java VM: OpenJDK 64-Bit Server VM (25.202-b03 mixed mode windows-amd64 compressed oops)
Heap:
 PSYoungGen      total 261120K, used 91434K [0x00000000e0000000, 0x00000000f4380000, 0x0000000100000000)
  eden space 212992K, 42% used [0x00000000e0000000,0x00000000e594a890,0x00000000ed000000)
  from space 48128K, 0% used [0x00000000f1480000,0x00000000f1480000,0x00000000f4380000)
  to   space 32256K, 0% used [0x00000000ed000000,0x00000000ed000000,0x00000000eef80000)
 ParOldGen       total 143360K, used 143212K [0x00000000a0000000, 0x00000000a8c00000, 0x00000000e0000000)
  object space 143360K, 99% used [0x00000000a0000000,0x00000000a8bdb398,0x00000000a8c00000)
 Metaspace       used 81279K, capacity 84340K, committed 85160K, reserved 1124352K
  class space    used 10352K, capacity 11041K, committed 11176K, reserved 1048576K
GC Heap History (10 events):
Event: 52.065 GC heap before
{Heap before GC invocations=19 (full 3):
 PSYoungGen      total 209920K, used 209911K [0x00000000e0000000, 0x00000000f0c00000, 0x0000000100000000)
  eden space 188416K, 100% used [0x00000000e0000000,0x00000000eb800000,0x00000000eb800000)
  from space 21504K, 99% used [0x00000000eb800000,0x00000000eccfdfe0,0x00000000ecd00000)
  to   space 29184K, 0% used [0x00000000eef80000,0x00000000eef80000,0x00000000f0c00000)
 ParOldGen       total 143360K, used 47941K [0x00000000a0000000, 0x00000000a8c00000, 0x00000000e0000000)
  object space 143360K, 33% used [0x00000000a0000000,0x00000000a2ed1650,0x00000000a8c00000)
 Metaspace       used 72889K, capacity 76324K, committed 76456K, reserved 1116160K
  class space    used 9564K, capacity 10291K, committed 10408K, reserved 1048576K
Event: 52.086 GC heap after
Heap after GC invocations=19 (full 3):
 PSYoungGen      total 242176K, used 25451K [0x00000000e0000000, 0x00000000f0f80000, 0x0000000100000000)
  eden space 212992K, 0% used [0x00000000e0000000,0x00000000e0000000,0x00000000ed000000)
  from space 29184K, 87% used [0x00000000eef80000,0x00000000f085af70,0x00000000f0c00000)
  to   space 32256K, 0% used [0x00000000ed000000,0x00000000ed000000,0x00000000eef80000)
 ParOldGen       total 143360K, used 54605K [0x00000000a0000000, 0x00000000a8c00000, 0x00000000e0000000)
  object space 143360K, 38% used [0x00000000a0000000,0x00000000a3553728,0x00000000a8c00000)
 Metaspace       used 72889K, capacity 76324K, committed 76456K, reserved 1116160K
  class space    used 9564K, capacity 10291K, committed 10408K, reserved 1048576K
}
Event: 54.342 GC heap before
{Heap before GC invocations=20 (full 3):
 PSYoungGen      total 242176K, used 238443K [0x00000000e0000000, 0x00000000f0f80000, 0x0000000100000000)
  eden space 212992K, 100% used [0x00000000e0000000,0x00000000ed000000,0x00000000ed000000)
  from space 29184K, 87% used [0x00000000eef80000,0x00000000f085af70,0x00000000f0c00000)
  to   space 32256K, 0% used [0x00000000ed000000,0x00000000ed000000,0x00000000eef80000)
 ParOldGen       total 143360K, used 54605K [0x00000000a0000000, 0x00000000a8c00000, 0x00000000e0000000)
  object space 143360K, 38% used [0x00000000a0000000,0x00000000a3553728,0x00000000a8c00000)
 Metaspace       used 77903K, capacity 81338K, committed 81576K, reserved 1120256K
  class space    used 10170K, capacity 10880K, committed 10920K, reserved 1048576K
Event: 54.388 GC heap after
Heap after GC invocations=20 (full 3):
 PSYoungGen      total 245248K, used 32234K [0x00000000e0000000, 0x00000000f4380000, 0x0000000100000000)
  eden space 212992K, 0% used [0x00000000e0000000,0x00000000e0000000,0x00000000ed000000)
  from space 32256K, 99% used [0x00000000ed000000,0x00000000eef7a9d0,0x00000000eef80000)
  to   space 48128K, 0% used [0x00000000f1480000,0x00000000f1480000,0x00000000f4380000)
 ParOldGen       total 143360K, used 83576K [0x00000000a0000000, 0x00000000a8c00000, 0x00000000e0000000)
  object space 143360K, 58% used [0x00000000a0000000,0x00000000a519e320,0x00000000a8c00000)
 Metaspace       used 77903K, capacity 81338K, committed 81576K, reserved 1120256K
  class space    used 10170K, capacity 10880K, committed 10920K, reserved 1048576K
}
Event: 55.703 GC heap before
{Heap before GC invocations=21 (full 3):
 PSYoungGen      total 245248K, used 245226K [0x00000000e0000000, 0x00000000f4380000, 0x0000000100000000)
  eden space 212992K, 100% used [0x00000000e0000000,0x00000000ed000000,0x00000000ed000000)
  from space 32256K, 99% used [0x00000000ed000000,0x00000000eef7a9d0,0x00000000eef80000)
  to   space 48128K, 0% used [0x00000000f1480000,0x00000000f1480000,0x00000000f4380000)
 ParOldGen       total 143360K, used 83576K [0x00000000a0000000, 0x00000000a8c00000, 0x00000000e0000000)
  object space 143360K, 58% used [0x00000000a0000000,0x00000000a519e320,0x00000000a8c00000)
 Metaspace       used 79850K, capacity 83296K, committed 83496K, reserved 1122304K
  class space    used 10313K, capacity 11041K, committed 11048K, reserved 1048576K
Event: 55.757 GC heap after
Heap after GC invocations=21 (full 3):
 PSYoungGen      total 261120K, used 48112K [0x00000000e0000000, 0x00000000f4380000, 0x0000000100000000)
  eden space 212992K, 0% used [0x00000000e0000000,0x00000000e0000000,0x00000000ed000000)
  from space 48128K, 99% used [0x00000000f1480000,0x00000000f437c0d0,0x00000000f4380000)
  to   space 32256K, 0% used [0x00000000ed000000,0x00000000ed000000,0x00000000eef80000)
 ParOldGen       total 143360K, used 127594K [0x00000000a0000000, 0x00000000a8c00000, 0x00000000e0000000)
  object space 143360K, 89% used [0x00000000a0000000,0x00000000a7c9ab98,0x00000000a8c00000)
 Metaspace       used 79850K, capacity 83296K, committed 83496K, reserved 1122304K
  class space    used 10313K, capacity 11041K, committed 11048K, reserved 1048576K
}
Event: 55.757 GC heap before
{Heap before GC invocations=22 (full 4):
 PSYoungGen      total 261120K, used 48112K [0x00000000e0000000, 0x00000000f4380000, 0x0000000100000000)
  eden space 212992K, 0% used [0x00000000e0000000,0x00000000e0000000,0x00000000ed000000)
  from space 48128K, 99% used [0x00000000f1480000,0x00000000f437c0d0,0x00000000f4380000)
  to   space 32256K, 0% used [0x00000000ed000000,0x00000000ed000000,0x00000000eef80000)
 ParOldGen       total 143360K, used 127594K [0x00000000a0000000, 0x00000000a8c00000, 0x00000000e0000000)
  object space 143360K, 89% used [0x00000000a0000000,0x00000000a7c9ab98,0x00000000a8c00000)
 Metaspace       used 79850K, capacity 83296K, committed 83496K, reserved 1122304K
  class space    used 10313K, capacity 11041K, committed 11048K, reserved 1048576K
Event: 56.176 GC heap after
Heap after GC invocations=22 (full 4):
 PSYoungGen      total 261120K, used 7989K [0x00000000e0000000, 0x00000000f4380000, 0x0000000100000000)
  eden space 212992K, 0% used [0x00000000e0000000,0x00000000e0000000,0x00000000ed000000)
  from space 48128K, 16% used [0x00000000f1480000,0x00000000f1c4d710,0x00000000f4380000)
  to   space 32256K, 0% used [0x00000000ed000000,0x00000000ed000000,0x00000000eef80000)
 ParOldGen       total 143360K, used 143155K [0x00000000a0000000, 0x00000000a8c00000, 0x00000000e0000000)
  object space 143360K, 99% used [0x00000000a0000000,0x00000000a8bccf40,0x00000000a8c00000)
 Metaspace       used 79615K, capacity 82612K, committed 83496K, reserved 1122304K
  class space    used 10240K, capacity 10913K, committed 11048K, reserved 1048576K
}
Event: 64.581 GC heap before
{Heap before GC invocations=23 (full 5):
 PSYoungGen      total 261120K, used 220981K [0x00000000e0000000, 0x00000000f4380000, 0x0000000100000000)
  eden space 212992K, 100% used [0x00000000e0000000,0x00000000ed000000,0x00000000ed000000)
  from space 48128K, 16% used [0x00000000f1480000,0x00000000f1c4d710,0x00000000f4380000)
  to   space 32256K, 0% used [0x00000000ed000000,0x00000000ed000000,0x00000000eef80000)
 ParOldGen       total 143360K, used 143155K [0x00000000a0000000, 0x00000000a8c00000, 0x00000000e0000000)
  object space 143360K, 99% used [0x00000000a0000000,0x00000000a8bccf40,0x00000000a8c00000)
 Metaspace       used 81087K, capacity 84148K, committed 84904K, reserved 1122304K
  class space    used 10346K, capacity 11041K, committed 11176K, reserved 1048576K
Event: 65.021 GC heap after
Heap after GC invocations=23 (full 5):
 PSYoungGen      total 261120K, used 49245K [0x00000000e0000000, 0x00000000f4380000, 0x0000000100000000)
  eden space 212992K, 23% used [0x00000000e0000000,0x00000000e3017530,0x00000000ed000000)
  from space 48128K, 0% used [0x00000000f1480000,0x00000000f1480000,0x00000000f4380000)
  to   space 32256K, 0% used [0x00000000ed000000,0x00000000ed000000,0x00000000eef80000)
 ParOldGen       total 143360K, used 143212K [0x00000000a0000000, 0x00000000a8c00000, 0x00000000e0000000)
  object space 143360K, 99% used [0x00000000a0000000,0x00000000a8bdb398,0x00000000a8c00000)
 Metaspace       used 81087K, capacity 84148K, committed 84904K, reserved 1122304K
  class space    used 10346K, capacity 11041K, committed 11176K, reserved 1048576K
}

