# JRE version: OpenJDK Runtime Environment (8.0_202-b03) (build 1.8.0_202-release-1483-b03)
# Java VM: OpenJDK 64-Bit Server VM (25.202-b03 mixed mode windows-amd64 compressed oops)
Heap:
 PSYoungGen      total 205824K, used 35463K [0x00000000e0000000, 0x00000000efc80000, 0x0000000100000000)
  eden space 184832K, 10% used [0x00000000e0000000,0x00000000e1369b20,0x00000000eb480000)
  from space 20992K, 74% used [0x00000000eb480000,0x00000000ec3b8108,0x00000000ec900000)
  to   space 22016K, 0% used [0x00000000ee700000,0x00000000ee700000,0x00000000efc80000)
 ParOldGen       total 156672K, used 37182K [0x00000000a0000000, 0x00000000a9900000, 0x00000000e0000000)
  object space 156672K, 23% used [0x00000000a0000000,0x00000000a244fa48,0x00000000a9900000)
 Metaspace       used 61800K, capacity 64269K, committed 64536K, reserved 1105920K
  class space    used 8357K, capacity 8916K, committed 9000K, reserved 1048576K
GC Heap History (10 events):
Event: 3.526 GC heap before
{Heap before GC invocations=10 (full 2):
 PSYoungGen      total 164864K, used 9703K [0x00000000e0000000, 0x00000000ee380000, 0x0000000100000000)
  eden space 151552K, 0% used [0x00000000e0000000,0x00000000e0000000,0x00000000e9400000)
  from space 13312K, 72% used [0x00000000ea100000,0x00000000eaa79d10,0x00000000eae00000)
  to   space 13312K, 0% used [0x00000000e9400000,0x00000000e9400000,0x00000000ea100000)
 ParOldGen       total 67584K, used 11402K [0x00000000a0000000, 0x00000000a4200000, 0x00000000e0000000)
  object space 67584K, 16% used [0x00000000a0000000,0x00000000a0b229d8,0x00000000a4200000)
 Metaspace       used 34651K, capacity 35452K, committed 35496K, reserved 1079296K
  class space    used 4776K, capacity 5019K, committed 5032K, reserved 1048576K
Event: 3.594 GC heap after
Heap after GC invocations=10 (full 2):
 PSYoungGen      total 164864K, used 0K [0x00000000e0000000, 0x00000000ee380000, 0x0000000100000000)
  eden space 151552K, 0% used [0x00000000e0000000,0x00000000e0000000,0x00000000e9400000)
  from space 13312K, 0% used [0x00000000ea100000,0x00000000ea100000,0x00000000eae00000)
  to   space 13312K, 0% used [0x00000000e9400000,0x00000000e9400000,0x00000000ea100000)
 ParOldGen       total 101376K, used 16916K [0x00000000a0000000, 0x00000000a6300000, 0x00000000e0000000)
  object space 101376K, 16% used [0x00000000a0000000,0x00000000a10853d8,0x00000000a6300000)
 Metaspace       used 34640K, capacity 35416K, committed 35496K, reserved 1079296K
  class space    used 4772K, capacity 5013K, committed 5032K, reserved 1048576K
}
Event: 5.057 GC heap before
{Heap before GC invocations=11 (full 2):
 PSYoungGen      total 164864K, used 151552K [0x00000000e0000000, 0x00000000ee380000, 0x0000000100000000)
  eden space 151552K, 100% used [0x00000000e0000000,0x00000000e9400000,0x00000000e9400000)
  from space 13312K, 0% used [0x00000000ea100000,0x00000000ea100000,0x00000000eae00000)
  to   space 13312K, 0% used [0x00000000e9400000,0x00000000e9400000,0x00000000ea100000)
 ParOldGen       total 101376K, used 16916K [0x00000000a0000000, 0x00000000a6300000, 0x00000000e0000000)
  object space 101376K, 16% used [0x00000000a0000000,0x00000000a10853d8,0x00000000a6300000)
 Metaspace       used 48533K, capacity 49922K, committed 50088K, reserved 1091584K
  class space    used 6562K, capacity 6978K, committed 7080K, reserved 1048576K
Event: 5.076 GC heap after
Heap after GC invocations=11 (full 2):
 PSYoungGen      total 164864K, used 13305K [0x00000000e0000000, 0x00000000eda00000, 0x0000000100000000)
  eden space 151552K, 0% used [0x00000000e0000000,0x00000000e0000000,0x00000000e9400000)
  from space 13312K, 99% used [0x00000000e9400000,0x00000000ea0fe408,0x00000000ea100000)
  to   space 17408K, 0% used [0x00000000ec900000,0x00000000ec900000,0x00000000eda00000)
 ParOldGen       total 101376K, used 22722K [0x00000000a0000000, 0x00000000a6300000, 0x00000000e0000000)
  object space 101376K, 22% used [0x00000000a0000000,0x00000000a1630b98,0x00000000a6300000)
 Metaspace       used 48533K, capacity 49922K, committed 50088K, reserved 1091584K
  class space    used 6562K, capacity 6978K, committed 7080K, reserved 1048576K
}
Event: 6.239 GC heap before
{Heap before GC invocations=12 (full 2):
 PSYoungGen      total 164864K, used 133464K [0x00000000e0000000, 0x00000000eda00000, 0x0000000100000000)
  eden space 151552K, 79% used [0x00000000e0000000,0x00000000e7557e40,0x00000000e9400000)
  from space 13312K, 99% used [0x00000000e9400000,0x00000000ea0fe408,0x00000000ea100000)
  to   space 17408K, 0% used [0x00000000ec900000,0x00000000ec900000,0x00000000eda00000)
 ParOldGen       total 101376K, used 22722K [0x00000000a0000000, 0x00000000a6300000, 0x00000000e0000000)
  object space 101376K, 22% used [0x00000000a0000000,0x00000000a1630b98,0x00000000a6300000)
 Metaspace       used 57364K, capacity 59043K, committed 59160K, reserved 1099776K
  class space    used 7782K, capacity 8232K, committed 8232K, reserved 1048576K
Event: 6.254 GC heap after
Heap after GC invocations=12 (full 2):
 PSYoungGen      total 202240K, used 17403K [0x00000000e0000000, 0x00000000edf80000, 0x0000000100000000)
  eden space 184832K, 0% used [0x00000000e0000000,0x00000000e0000000,0x00000000eb480000)
  from space 17408K, 99% used [0x00000000ec900000,0x00000000ed9fed88,0x00000000eda00000)
  to   space 20992K, 0% used [0x00000000eb480000,0x00000000eb480000,0x00000000ec900000)
 ParOldGen       total 101376K, used 27062K [0x00000000a0000000, 0x00000000a6300000, 0x00000000e0000000)
  object space 101376K, 26% used [0x00000000a0000000,0x00000000a1a6d9a0,0x00000000a6300000)
 Metaspace       used 57364K, capacity 59043K, committed 59160K, reserved 1099776K
  class space    used 7782K, capacity 8232K, committed 8232K, reserved 1048576K
}
Event: 6.255 GC heap before
{Heap before GC invocations=13 (full 3):
 PSYoungGen      total 202240K, used 17403K [0x00000000e0000000, 0x00000000edf80000, 0x0000000100000000)
  eden space 184832K, 0% used [0x00000000e0000000,0x00000000e0000000,0x00000000eb480000)
  from space 17408K, 99% used [0x00000000ec900000,0x00000000ed9fed88,0x00000000eda00000)
  to   space 20992K, 0% used [0x00000000eb480000,0x00000000eb480000,0x00000000ec900000)
 ParOldGen       total 101376K, used 27062K [0x00000000a0000000, 0x00000000a6300000, 0x00000000e0000000)
  object space 101376K, 26% used [0x00000000a0000000,0x00000000a1a6d9a0,0x00000000a6300000)
 Metaspace       used 57364K, capacity 59043K, committed 59160K, reserved 1099776K
  class space    used 7782K, capacity 8232K, committed 8232K, reserved 1048576K
Event: 6.424 GC heap after
Heap after GC invocations=13 (full 3):
 PSYoungGen      total 202240K, used 0K [0x00000000e0000000, 0x00000000edf80000, 0x0000000100000000)
  eden space 184832K, 0% used [0x00000000e0000000,0x00000000e0000000,0x00000000eb480000)
  from space 17408K, 0% used [0x00000000ec900000,0x00000000ec900000,0x00000000eda00000)
  to   space 20992K, 0% used [0x00000000eb480000,0x00000000eb480000,0x00000000ec900000)
 ParOldGen       total 156672K, used 37174K [0x00000000a0000000, 0x00000000a9900000, 0x00000000e0000000)
  object space 156672K, 23% used [0x00000000a0000000,0x00000000a244da48,0x00000000a9900000)
 Metaspace       used 57364K, capacity 59043K, committed 59160K, reserved 1099776K
  class space    used 7782K, capacity 8232K, committed 8232K, reserved 1048576K
}
Event: 8.448 GC heap before
{Heap before GC invocations=14 (full 3):
 PSYoungGen      total 202240K, used 184832K [0x00000000e0000000, 0x00000000edf80000, 0x0000000100000000)
  eden space 184832K, 100% used [0x00000000e0000000,0x00000000eb480000,0x00000000eb480000)
  from space 17408K, 0% used [0x00000000ec900000,0x00000000ec900000,0x00000000eda00000)
  to   space 20992K, 0% used [0x00000000eb480000,0x00000000eb480000,0x00000000ec900000)
 ParOldGen       total 156672K, used 37174K [0x00000000a0000000, 0x00000000a9900000, 0x00000000e0000000)
  object space 156672K, 23% used [0x00000000a0000000,0x00000000a244da48,0x00000000a9900000)
 Metaspace       used 61623K, capacity 64073K, committed 64280K, reserved 1103872K
  class space    used 8356K, capacity 8916K, committed 9000K, reserved 1048576K
Event: 8.460 GC heap after
Heap after GC invocations=14 (full 3):
 PSYoungGen      total 205824K, used 15584K [0x00000000e0000000, 0x00000000efc80000, 0x0000000100000000)
  eden space 184832K, 0% used [0x00000000e0000000,0x00000000e0000000,0x00000000eb480000)
  from space 20992K, 74% used [0x00000000eb480000,0x00000000ec3b8108,0x00000000ec900000)
  to   space 22016K, 0% used [0x00000000ee700000,0x00000000ee700000,0x00000000efc80000)
 ParOldGen       total 156672K, used 37182K [0x00000000a0000000, 0x00000000a9900000, 0x00000000e0000000)
  object space 156672K, 23% used [0x00000000a0000000,0x00000000a244fa48,0x00000000a9900000)
 Metaspace       used 61623K, capacity 64073K, committed 64280K, reserved 1103872K
  class space    used 8356K, capacity 8916K, committed 9000K, reserved 1048576K
}

